<?xml version="1.0" encoding="UTF-8"?>
<!-- Generated by org.testng.reporters.JUnitReportReporter -->
<testsuite hostname="apoorv" failures="0" tests="1" name="testCases.ProductPage" time="1.833" errors="0" timestamp="08 Aug 2022 11:10:10 GMT" skipped="0">
  <testcase classname="testCases.ProductPage" name="productPage" time="1.833"/>
</testsuite> <!-- testCases.ProductPage -->
