<?xml version="1.0" encoding="UTF-8"?>
<!-- Generated by org.testng.reporters.JUnitReportReporter -->
<testsuite hostname="apoorv" failures="0" tests="1" name="testCases.LoginTest" time="0.324" errors="0" timestamp="03 Aug 2022 12:48:03 GMT" skipped="0">
  <testcase classname="testCases.LoginTest" name="loginTest" time="0.324"/>
</testsuite> <!-- testCases.LoginTest -->
