<?xml version="1.0" encoding="UTF-8"?>
<!-- Generated by org.testng.reporters.JUnitReportReporter -->
<testsuite hostname="apoorv" failures="0" tests="1" name="testCases.ProductPage" time="2.009" errors="0" timestamp="05 Aug 2022 12:43:04 GMT" skipped="0">
  <testcase classname="testCases.ProductPage" name="productPage" time="2.009"/>
</testsuite> <!-- testCases.ProductPage -->
