<?xml version="1.0" encoding="UTF-8"?>
<!-- Generated by org.testng.reporters.JUnitReportReporter -->
<testsuite hostname="apoorv" failures="0" tests="1" name="testCases.LoginTest" time="3.191" errors="0" timestamp="26 Nov 2022 02:20:50 GMT" skipped="0">
  <testcase classname="testCases.LoginTest" name="loginTest" time="3.191"/>
</testsuite> <!-- testCases.LoginTest -->
