<?xml version="1.0" encoding="UTF-8"?>
<!-- Generated by org.testng.reporters.JUnitReportReporter -->
<testsuite hostname="apoorv" failures="0" tests="1" name="testCases.LoginTest" time="4.169" errors="0" timestamp="28 Aug 2022 10:57:08 GMT" skipped="0">
  <testcase classname="testCases.LoginTest" name="loginTest" time="4.169"/>
</testsuite> <!-- testCases.LoginTest -->
