<?xml version="1.0" encoding="UTF-8"?>
<!-- Generated by org.testng.reporters.JUnitReportReporter -->
<testsuite hostname="apoorv" failures="0" tests="1" name="testCases.LoginTest" time="10.439" errors="0" timestamp="22 Aug 2022 03:53:43 GMT" skipped="0">
  <testcase classname="testCases.LoginTest" name="loginTest" time="10.439"/>
</testsuite> <!-- testCases.LoginTest -->
