<?xml version="1.0" encoding="UTF-8"?>
<!-- Generated by org.testng.reporters.JUnitReportReporter -->
<testsuite hostname="apoorv" failures="0" tests="1" name="testCases.LoginTest" time="4.949" errors="0" timestamp="05 Aug 2022 12:43:04 GMT" skipped="0">
  <testcase classname="testCases.LoginTest" name="loginTest" time="4.949"/>
</testsuite> <!-- testCases.LoginTest -->
